TN:
SF:/home/hugo/Workspace/OpenPGO-Medmij-ImplementatieBouwstenen-NodeJS/src/index.js
FNF:0
FNH:0
DA:19,1
DA:20,1
DA:21,1
DA:22,1
DA:23,1
LF:5
LH:5
BRF:0
BRH:0
end_of_record
TN:
SF:/home/hugo/Workspace/OpenPGO-Medmij-ImplementatieBouwstenen-NodeJS/src/whitelist.js
FN:36,(anonymous_1)
FN:43,(anonymous_2)
FN:45,(anonymous_3)
FNF:3
FNH:3
FNDA:1,(anonymous_1)
FNDA:2,(anonymous_2)
FNDA:14,(anonymous_3)
DA:21,1
DA:22,1
DA:23,1
DA:24,1
DA:26,1
DA:28,1
DA:29,1
DA:30,1
DA:31,1
DA:37,1
DA:44,2
DA:45,2
DA:46,14
DA:47,14
DA:48,1
DA:51,2
DA:55,1
LF:17
LH:17
BRDA:46,1,0,14
BRDA:46,1,1,0
BRDA:47,2,0,1
BRDA:47,2,1,13
BRF:4
BRH:3
end_of_record
TN:
SF:/home/hugo/Workspace/OpenPGO-Medmij-ImplementatieBouwstenen-NodeJS/src/list.js
FN:32,(anonymous_1)
FN:36,(anonymous_2)
FN:37,(anonymous_3)
FN:49,(anonymous_4)
FN:55,(anonymous_5)
FN:57,(anonymous_6)
FN:76,(anonymous_7)
FN:78,(anonymous_8)
FN:79,(anonymous_9)
FN:95,(anonymous_10)
FN:101,(anonymous_11)
FN:108,(anonymous_12)
FN:110,(anonymous_13)
FN:112,(anonymous_14)
FN:116,(anonymous_15)
FN:122,(anonymous_16)
FN:129,(anonymous_17)
FNF:17
FNH:15
FNDA:6,(anonymous_1)
FNDA:6,(anonymous_2)
FNDA:6,(anonymous_3)
FNDA:6,(anonymous_4)
FNDA:6,(anonymous_5)
FNDA:6,(anonymous_6)
FNDA:6,(anonymous_7)
FNDA:6,(anonymous_8)
FNDA:6,(anonymous_9)
FNDA:6,(anonymous_10)
FNDA:0,(anonymous_11)
FNDA:6,(anonymous_12)
FNDA:6,(anonymous_13)
FNDA:6,(anonymous_14)
FNDA:6,(anonymous_15)
FNDA:0,(anonymous_16)
FNDA:3,(anonymous_17)
DA:21,1
DA:22,1
DA:23,1
DA:24,1
DA:26,1
DA:27,1
DA:33,6
DA:35,6
DA:37,6
DA:38,6
DA:39,0
DA:42,6
DA:48,6
DA:50,6
DA:54,6
DA:56,6
DA:59,6
DA:63,6
DA:64,0
DA:67,6
DA:68,6
DA:77,6
DA:79,6
DA:80,6
DA:81,0
DA:84,6
DA:85,6
DA:96,6
DA:97,6
DA:98,6
DA:99,6
DA:102,0
DA:109,6
DA:110,6
DA:112,6
DA:113,6
DA:116,6
DA:117,6
DA:118,6
DA:122,6
DA:123,0
DA:130,3
DA:136,1
LF:43
LH:38
BRDA:38,1,0,0
BRDA:38,1,1,6
BRDA:63,2,0,0
BRDA:63,2,1,6
BRDA:67,3,0,6
BRDA:67,3,1,0
BRDA:80,4,0,0
BRDA:80,4,1,6
BRDA:84,5,0,6
BRDA:84,5,1,0
BRDA:117,6,0,6
BRDA:117,6,1,0
BRF:12
BRH:6
end_of_record
TN:
SF:/home/hugo/Workspace/OpenPGO-Medmij-ImplementatieBouwstenen-NodeJS/src/zal.js
FN:36,(anonymous_1)
FN:43,(anonymous_2)
FN:45,(anonymous_3)
FNF:3
FNH:3
FNDA:3,(anonymous_1)
FNDA:4,(anonymous_2)
FNDA:8,(anonymous_3)
DA:21,1
DA:22,1
DA:23,1
DA:24,1
DA:26,1
DA:28,1
DA:29,1
DA:30,1
DA:31,1
DA:37,3
DA:44,4
DA:45,4
DA:46,8
DA:47,8
DA:48,3
DA:49,3
DA:52,4
DA:57,1
LF:18
LH:18
BRDA:46,1,0,8
BRDA:46,1,1,0
BRDA:47,2,0,3
BRDA:47,2,1,5
BRDA:49,3,0,3
BRDA:49,3,1,0
BRF:6
BRH:4
end_of_record
TN:
SF:/home/hugo/Workspace/OpenPGO-Medmij-ImplementatieBouwstenen-NodeJS/src/ocl.js
FN:36,(anonymous_1)
FN:43,(anonymous_2)
FN:45,(anonymous_3)
FNF:3
FNH:3
FNDA:2,(anonymous_1)
FNDA:3,(anonymous_2)
FNDA:6,(anonymous_3)
DA:21,1
DA:22,1
DA:23,1
DA:24,1
DA:26,1
DA:28,1
DA:29,1
DA:30,1
DA:31,1
DA:37,2
DA:44,3
DA:45,3
DA:47,6
DA:48,6
DA:49,2
DA:50,2
DA:53,3
DA:58,1
LF:18
LH:18
BRDA:47,1,0,6
BRDA:47,1,1,0
BRDA:48,2,0,2
BRDA:48,2,1,4
BRDA:50,3,0,2
BRDA:50,3,1,0
BRF:6
BRH:4
end_of_record
TN:
SF:/home/hugo/Workspace/OpenPGO-Medmij-ImplementatieBouwstenen-NodeJS/src/za_oauth.js
FN:34,(anonymous_1)
FNF:1
FNH:1
FNDA:1,(anonymous_1)
DA:21,1
DA:35,1
DA:36,1
DA:38,1
DA:40,1
DA:41,1
DA:42,1
DA:44,1
DA:48,1
LF:9
LH:9
BRDA:35,1,0,1
BRDA:35,1,1,0
BRF:2
BRH:1
end_of_record
TN:
SF:/home/hugo/Workspace/OpenPGO-Medmij-ImplementatieBouwstenen-NodeJS/src/pgo_oauth.js
FN:37,(anonymous_1)
FN:57,(anonymous_2)
FN:77,(anonymous_3)
FN:78,(anonymous_4)
FN:82,(anonymous_5)
FN:87,(anonymous_6)
FNF:6
FNH:3
FNDA:1,(anonymous_1)
FNDA:1,(anonymous_2)
FNDA:0,(anonymous_3)
FNDA:0,(anonymous_4)
FNDA:0,(anonymous_5)
FNDA:1,(anonymous_6)
DA:21,1
DA:22,1
DA:38,1
DA:40,1
DA:41,1
DA:42,1
DA:43,1
DA:44,1
DA:46,1
DA:58,1
DA:59,1
DA:61,0
DA:64,1
DA:65,1
DA:66,1
DA:67,1
DA:69,1
DA:76,1
DA:77,1
DA:78,0
DA:79,0
DA:82,0
DA:83,0
DA:87,1
DA:88,1
DA:93,1
LF:26
LH:21
BRF:0
BRH:0
end_of_record
