TN:
SF:/home/hugo/Workspace/OpenPGO-Medmij-ImplementatieBouwstenen-NodeJS/src/index.js
FNF:0
FNH:0
DA:19,1
DA:20,1
DA:21,1
DA:22,1
DA:23,1
DA:24,1
LF:6
LH:6
BRF:0
BRH:0
end_of_record
TN:
SF:/home/hugo/Workspace/OpenPGO-Medmij-ImplementatieBouwstenen-NodeJS/src/whitelist.js
FN:36,(anonymous_1)
FN:43,(anonymous_2)
FN:45,(anonymous_3)
FNF:3
FNH:3
FNDA:1,(anonymous_1)
FNDA:2,(anonymous_2)
FNDA:14,(anonymous_3)
DA:21,1
DA:22,1
DA:23,1
DA:24,1
DA:26,1
DA:28,1
DA:29,1
DA:30,1
DA:31,1
DA:37,1
DA:44,2
DA:45,2
DA:46,14
DA:47,14
DA:48,1
DA:51,2
DA:55,1
LF:17
LH:17
BRDA:46,1,0,14
BRDA:46,1,1,0
BRDA:47,2,0,1
BRDA:47,2,1,13
BRF:4
BRH:3
end_of_record
TN:
SF:/home/hugo/Workspace/OpenPGO-Medmij-ImplementatieBouwstenen-NodeJS/src/list.js
FN:32,(anonymous_1)
FN:36,(anonymous_2)
FN:37,(anonymous_3)
FN:49,(anonymous_4)
FN:55,(anonymous_5)
FN:57,(anonymous_6)
FN:76,(anonymous_7)
FN:78,(anonymous_8)
FN:79,(anonymous_9)
FN:95,(anonymous_10)
FN:102,(anonymous_11)
FN:109,(anonymous_12)
FN:111,(anonymous_13)
FN:113,(anonymous_14)
FN:117,(anonymous_15)
FN:123,(anonymous_16)
FN:130,(anonymous_17)
FNF:17
FNH:15
FNDA:7,(anonymous_1)
FNDA:7,(anonymous_2)
FNDA:7,(anonymous_3)
FNDA:7,(anonymous_4)
FNDA:7,(anonymous_5)
FNDA:7,(anonymous_6)
FNDA:7,(anonymous_7)
FNDA:7,(anonymous_8)
FNDA:7,(anonymous_9)
FNDA:7,(anonymous_10)
FNDA:0,(anonymous_11)
FNDA:7,(anonymous_12)
FNDA:7,(anonymous_13)
FNDA:7,(anonymous_14)
FNDA:7,(anonymous_15)
FNDA:0,(anonymous_16)
FNDA:4,(anonymous_17)
DA:21,1
DA:22,1
DA:23,1
DA:24,1
DA:26,1
DA:27,1
DA:33,7
DA:35,7
DA:37,7
DA:38,7
DA:39,0
DA:42,7
DA:48,7
DA:50,7
DA:54,7
DA:56,7
DA:59,7
DA:63,7
DA:64,0
DA:67,7
DA:68,7
DA:77,7
DA:79,7
DA:80,7
DA:81,0
DA:84,7
DA:85,7
DA:96,7
DA:97,7
DA:98,7
DA:99,7
DA:100,7
DA:103,0
DA:110,7
DA:111,7
DA:113,7
DA:114,7
DA:117,7
DA:118,7
DA:119,7
DA:123,7
DA:124,0
DA:131,4
DA:137,1
LF:44
LH:39
BRDA:38,1,0,0
BRDA:38,1,1,7
BRDA:63,2,0,0
BRDA:63,2,1,7
BRDA:67,3,0,7
BRDA:67,3,1,0
BRDA:80,4,0,0
BRDA:80,4,1,7
BRDA:84,5,0,7
BRDA:84,5,1,0
BRDA:97,6,0,7
BRDA:97,6,1,0
BRDA:118,7,0,7
BRDA:118,7,1,0
BRF:14
BRH:7
end_of_record
TN:
SF:/home/hugo/Workspace/OpenPGO-Medmij-ImplementatieBouwstenen-NodeJS/src/zal.js
FN:36,(anonymous_1)
FN:43,(anonymous_2)
FN:45,(anonymous_3)
FNF:3
FNH:3
FNDA:3,(anonymous_1)
FNDA:4,(anonymous_2)
FNDA:8,(anonymous_3)
DA:21,1
DA:22,1
DA:23,1
DA:24,1
DA:26,1
DA:28,1
DA:29,1
DA:30,1
DA:31,1
DA:37,3
DA:44,4
DA:45,4
DA:46,8
DA:47,8
DA:48,3
DA:49,3
DA:52,4
DA:57,1
LF:18
LH:18
BRDA:46,1,0,8
BRDA:46,1,1,0
BRDA:47,2,0,3
BRDA:47,2,1,5
BRDA:49,3,0,3
BRDA:49,3,1,0
BRF:6
BRH:4
end_of_record
TN:
SF:/home/hugo/Workspace/OpenPGO-Medmij-ImplementatieBouwstenen-NodeJS/src/ocl.js
FN:36,(anonymous_1)
FN:43,(anonymous_2)
FN:45,(anonymous_3)
FNF:3
FNH:3
FNDA:2,(anonymous_1)
FNDA:3,(anonymous_2)
FNDA:6,(anonymous_3)
DA:21,1
DA:22,1
DA:23,1
DA:24,1
DA:26,1
DA:28,1
DA:29,1
DA:30,1
DA:31,1
DA:37,2
DA:44,3
DA:45,3
DA:47,6
DA:48,6
DA:49,2
DA:50,2
DA:53,3
DA:58,1
LF:18
LH:18
BRDA:47,1,0,6
BRDA:47,1,1,0
BRDA:48,2,0,2
BRDA:48,2,1,4
BRDA:50,3,0,2
BRDA:50,3,1,0
BRF:6
BRH:4
end_of_record
TN:
SF:/home/hugo/Workspace/OpenPGO-Medmij-ImplementatieBouwstenen-NodeJS/src/za_oauth.js
FN:34,(anonymous_1)
FNF:1
FNH:1
FNDA:1,(anonymous_1)
DA:21,1
DA:35,1
DA:36,1
DA:38,1
DA:40,1
DA:41,1
DA:42,1
DA:44,1
DA:48,1
LF:9
LH:9
BRDA:35,1,0,1
BRDA:35,1,1,0
BRF:2
BRH:1
end_of_record
TN:
SF:/home/hugo/Workspace/OpenPGO-Medmij-ImplementatieBouwstenen-NodeJS/src/pgo_oauth.js
FN:37,(anonymous_1)
FN:57,(anonymous_2)
FN:77,(anonymous_3)
FN:78,(anonymous_4)
FN:82,(anonymous_5)
FN:87,(anonymous_6)
FNF:6
FNH:3
FNDA:1,(anonymous_1)
FNDA:1,(anonymous_2)
FNDA:0,(anonymous_3)
FNDA:0,(anonymous_4)
FNDA:0,(anonymous_5)
FNDA:1,(anonymous_6)
DA:21,1
DA:22,1
DA:38,1
DA:40,1
DA:41,1
DA:42,1
DA:43,1
DA:44,1
DA:46,1
DA:58,1
DA:59,1
DA:61,0
DA:64,1
DA:65,1
DA:66,1
DA:67,1
DA:69,1
DA:76,1
DA:77,1
DA:78,0
DA:79,0
DA:82,0
DA:83,0
DA:87,1
DA:88,1
DA:93,1
LF:26
LH:21
BRF:0
BRH:0
end_of_record
TN:
SF:/home/hugo/Workspace/OpenPGO-Medmij-ImplementatieBouwstenen-NodeJS/src/gnl.js
FN:36,(anonymous_1)
FN:41,(anonymous_2)
FN:54,(anonymous_3)
FNF:3
FNH:3
FNDA:1,(anonymous_1)
FNDA:1,(anonymous_2)
FNDA:1,(anonymous_3)
DA:21,1
DA:22,1
DA:23,1
DA:24,1
DA:26,1
DA:28,1
DA:29,1
DA:30,1
DA:31,1
DA:37,1
DA:43,1
DA:44,1
DA:45,7
DA:46,7
DA:47,7
DA:48,7
DA:55,1
DA:56,1
DA:58,1
DA:64,1
LF:20
LH:20
BRDA:47,1,0,7
BRDA:47,1,1,0
BRDA:55,2,0,1
BRDA:55,2,1,0
BRF:4
BRH:2
end_of_record
